0 info it worked if it ends with ok
1 verbose cli [ 'C:\\Program Files\\nodejs\\node.exe',
1 verbose cli   'C:\\Program Files\\nodejs\\node_modules\\npm\\bin\\npm-cli.js',
1 verbose cli   '-g',
1 verbose cli   'install',
1 verbose cli   'firebase-tools' ]
2 info using npm@3.10.3
3 info using node@v6.3.1
4 silly loadCurrentTree Starting
5 silly install loadCurrentTree
6 silly install readGlobalPackageData
7 silly fetchPackageMetaData firebase-tools
8 silly fetchNamedPackageData firebase-tools
9 silly mapToRegistry name firebase-tools
10 silly mapToRegistry using default registry
11 silly mapToRegistry registry https://registry.npmjs.org/
12 silly mapToRegistry data Result {
12 silly mapToRegistry   raw: 'firebase-tools',
12 silly mapToRegistry   scope: null,
12 silly mapToRegistry   escapedName: 'firebase-tools',
12 silly mapToRegistry   name: 'firebase-tools',
12 silly mapToRegistry   rawSpec: '',
12 silly mapToRegistry   spec: 'latest',
12 silly mapToRegistry   type: 'tag' }
13 silly mapToRegistry uri https://registry.npmjs.org/firebase-tools
14 verbose request uri https://registry.npmjs.org/firebase-tools
15 verbose request no auth needed
16 info attempt registry request try #1 at 6:36:15 PM
17 verbose request id 2316510c3a9d62b8
18 http request GET https://registry.npmjs.org/firebase-tools
19 info retry will retry, error on last attempt: Error: connect ETIMEDOUT 151.101.92.162:443
20 info attempt registry request try #2 at 6:36:46 PM
21 http request GET https://registry.npmjs.org/firebase-tools
22 info retry will retry, error on last attempt: Error: connect ETIMEDOUT 151.101.92.162:443
23 info attempt registry request try #3 at 6:38:07 PM
24 http request GET https://registry.npmjs.org/firebase-tools
25 silly fetchPackageMetaData Error: connect ETIMEDOUT 151.101.92.162:443
25 silly fetchPackageMetaData     at Object.exports._errnoException (util.js:1012:11)
25 silly fetchPackageMetaData     at exports._exceptionWithHostPort (util.js:1035:20)
25 silly fetchPackageMetaData     at TCPConnectWrap.afterConnect [as oncomplete] (net.js:1080:14)
25 silly fetchPackageMetaData  error for firebase-tools { Error: connect ETIMEDOUT 151.101.92.162:443
25 silly fetchPackageMetaData     at Object.exports._errnoException (util.js:1012:11)
25 silly fetchPackageMetaData     at exports._exceptionWithHostPort (util.js:1035:20)
25 silly fetchPackageMetaData     at TCPConnectWrap.afterConnect [as oncomplete] (net.js:1080:14)
25 silly fetchPackageMetaData   code: 'ETIMEDOUT',
25 silly fetchPackageMetaData   errno: 'ETIMEDOUT',
25 silly fetchPackageMetaData   syscall: 'connect',
25 silly fetchPackageMetaData   address: '151.101.92.162',
25 silly fetchPackageMetaData   port: 443 }
26 silly rollbackFailedOptional Starting
27 silly rollbackFailedOptional Finishing
28 silly runTopLevelLifecycles Starting
29 silly runTopLevelLifecycles Finishing
30 silly install printInstalled
31 verbose stack Error: connect ETIMEDOUT 151.101.92.162:443
31 verbose stack     at Object.exports._errnoException (util.js:1012:11)
31 verbose stack     at exports._exceptionWithHostPort (util.js:1035:20)
31 verbose stack     at TCPConnectWrap.afterConnect [as oncomplete] (net.js:1080:14)
32 verbose cwd C:\xampp\htdocs\friendlychat\web-start
33 error Windows_NT 10.0.10586
34 error argv "C:\\Program Files\\nodejs\\node.exe" "C:\\Program Files\\nodejs\\node_modules\\npm\\bin\\npm-cli.js" "-g" "install" "firebase-tools"
35 error node v6.3.1
36 error npm  v3.10.3
37 error code ETIMEDOUT
38 error errno ETIMEDOUT
39 error syscall connect
40 error network connect ETIMEDOUT 151.101.92.162:443
41 error network This is most likely not a problem with npm itself
41 error network and is related to network connectivity.
41 error network In most cases you are behind a proxy or have bad network settings.
41 error network
41 error network If you are behind a proxy, please make sure that the
41 error network 'proxy' config is set properly.  See: 'npm help config'
42 verbose exit [ 1, true ]
